<?xml version="1.0" encoding="UTF-8"?>
<!-- Generated by org.testng.reporters.JUnitXMLReporter -->
<testsuite hostname="EBORODINA" name="Default test" tests="5" failures="0" timestamp="26 Aug 2015 14:52:21 GMT" time="18.612" errors="0">
  <testcase name="testEmptyGroupCreation" time="1.646" classname="com.example.tests.GroupCreationTestCopy"/>
  <testcase name="testNonEmptyGroupCreation" time="1.821" classname="com.example.tests.GroupCreationTestCopy"/>
  <testcase name="testEmptyGroupCreation" time="0.762" classname="com.example.tests.GroupCreationTest1"/>
  <testcase name="testNonEmptyGroupCreation" time="0.72" classname="com.example.tests.GroupCreationTest1"/>
  <testcase name="testContactFormCreation" time="1.764" classname="com.example.tests.ContactCreationTest"/>
</testsuite> <!-- Default test -->
