<?xml version="1.0" encoding="UTF-8"?>
<testng-results skipped="0" failed="0" total="4" passed="4">
  <reporter-output>
  </reporter-output>
  <suite name="Default suite" duration-ms="36368" started-at="2015-08-24T08:38:32Z" finished-at="2015-08-24T08:39:08Z">
    <groups>
    </groups>
    <test name="Default test" duration-ms="36368" started-at="2015-08-24T08:38:32Z" finished-at="2015-08-24T08:39:08Z">
      <class name="com.example.tests.GroupCreationTest1">
        <test-method status="PASS" signature="testEmptyGroupCreation()[pri:0, instance:com.example.tests.GroupCreationTest1@1ed40e0]" name="testEmptyGroupCreation" duration-ms="6639" started-at="2015-08-24T11:38:54Z" finished-at="2015-08-24T11:39:00Z">
          <reporter-output>
          </reporter-output>
        </test-method> <!-- testEmptyGroupCreation -->
        <test-method status="PASS" signature="testNonEmptyGroupCreation()[pri:0, instance:com.example.tests.GroupCreationTest1@1ed40e0]" name="testNonEmptyGroupCreation" duration-ms="2834" started-at="2015-08-24T11:39:00Z" finished-at="2015-08-24T11:39:03Z">
          <reporter-output>
          </reporter-output>
        </test-method> <!-- testNonEmptyGroupCreation -->
      </class> <!-- com.example.tests.GroupCreationTest1 -->
      <class name="com.example.tests.TestBase">
        <test-method status="PASS" signature="setUp()[pri:0, instance:com.example.tests.TestBase@179e8cb]" name="setUp" is-config="true" duration-ms="21361" started-at="2015-08-24T11:38:32Z" finished-at="2015-08-24T11:38:53Z">
          <reporter-output>
          </reporter-output>
        </test-method> <!-- setUp -->
        <test-method status="PASS" signature="tearDown()[pri:0, instance:com.example.tests.TestBase@179e8cb]" name="tearDown" is-config="true" duration-ms="3339" started-at="2015-08-24T11:39:05Z" finished-at="2015-08-24T11:39:08Z">
          <reporter-output>
          </reporter-output>
        </test-method> <!-- tearDown -->
      </class> <!-- com.example.tests.TestBase -->
      <class name="com.example.tests.GroupCreationTest2">
        <test-method status="PASS" signature="testEmptyGroupCreation()[pri:0, instance:com.example.tests.GroupCreationTest2@675690]" name="testEmptyGroupCreation" duration-ms="950" started-at="2015-08-24T11:39:03Z" finished-at="2015-08-24T11:39:04Z">
          <reporter-output>
          </reporter-output>
        </test-method> <!-- testEmptyGroupCreation -->
        <test-method status="PASS" signature="testNonEmptyGroupCreation()[pri:0, instance:com.example.tests.GroupCreationTest2@675690]" name="testNonEmptyGroupCreation" duration-ms="1013" started-at="2015-08-24T11:39:04Z" finished-at="2015-08-24T11:39:05Z">
          <reporter-output>
          </reporter-output>
        </test-method> <!-- testNonEmptyGroupCreation -->
      </class> <!-- com.example.tests.GroupCreationTest2 -->
    </test> <!-- Default test -->
  </suite> <!-- Default suite -->
</testng-results>
