<?xml version="1.0" encoding="UTF-8"?>
<testng-results skipped="0" failed="0" total="5" passed="5">
  <reporter-output>
  </reporter-output>
  <suite name="Default suite" duration-ms="18612" started-at="2015-08-26T14:52:02Z" finished-at="2015-08-26T14:52:21Z">
    <groups>
    </groups>
    <test name="Default test" duration-ms="18612" started-at="2015-08-26T14:52:02Z" finished-at="2015-08-26T14:52:21Z">
      <class name="com.example.tests.ContactCreationTest">
        <test-method status="PASS" signature="testContactFormCreation()[pri:0, instance:com.example.tests.ContactCreationTest@4aed64]" name="testContactFormCreation" duration-ms="1764" started-at="2015-08-26T17:52:18Z" finished-at="2015-08-26T17:52:20Z">
          <reporter-output>
          </reporter-output>
        </test-method> <!-- testContactFormCreation -->
      </class> <!-- com.example.tests.ContactCreationTest -->
      <class name="com.example.tests.GroupCreationTest1">
        <test-method status="PASS" signature="testEmptyGroupCreation()[pri:0, instance:com.example.tests.GroupCreationTest1@39f790]" name="testEmptyGroupCreation" duration-ms="762" started-at="2015-08-26T17:52:17Z" finished-at="2015-08-26T17:52:18Z">
          <reporter-output>
          </reporter-output>
        </test-method> <!-- testEmptyGroupCreation -->
        <test-method status="PASS" signature="testNonEmptyGroupCreation()[pri:0, instance:com.example.tests.GroupCreationTest1@39f790]" name="testNonEmptyGroupCreation" duration-ms="720" started-at="2015-08-26T17:52:18Z" finished-at="2015-08-26T17:52:18Z">
          <reporter-output>
          </reporter-output>
        </test-method> <!-- testNonEmptyGroupCreation -->
      </class> <!-- com.example.tests.GroupCreationTest1 -->
      <class name="com.example.tests.GroupCreationTestCopy">
        <test-method status="PASS" signature="setUp()[pri:0, instance:com.example.tests.GroupCreationTestCopy@179e8cb]" name="setUp" is-config="true" duration-ms="11289" started-at="2015-08-26T17:52:02Z" finished-at="2015-08-26T17:52:13Z">
          <reporter-output>
          </reporter-output>
        </test-method> <!-- setUp -->
        <test-method status="PASS" signature="testEmptyGroupCreation()[pri:0, instance:com.example.tests.GroupCreationTestCopy@179e8cb]" name="testEmptyGroupCreation" duration-ms="1646" started-at="2015-08-26T17:52:13Z" finished-at="2015-08-26T17:52:15Z">
          <reporter-output>
          </reporter-output>
        </test-method> <!-- testEmptyGroupCreation -->
        <test-method status="PASS" signature="testNonEmptyGroupCreation()[pri:0, instance:com.example.tests.GroupCreationTestCopy@179e8cb]" name="testNonEmptyGroupCreation" duration-ms="1821" started-at="2015-08-26T17:52:15Z" finished-at="2015-08-26T17:52:17Z">
          <reporter-output>
          </reporter-output>
        </test-method> <!-- testNonEmptyGroupCreation -->
        <test-method status="PASS" signature="tearDown()[pri:0, instance:com.example.tests.GroupCreationTestCopy@179e8cb]" name="tearDown" is-config="true" duration-ms="599" started-at="2015-08-26T17:52:20Z" finished-at="2015-08-26T17:52:21Z">
          <reporter-output>
          </reporter-output>
        </test-method> <!-- tearDown -->
      </class> <!-- com.example.tests.GroupCreationTestCopy -->
    </test> <!-- Default test -->
  </suite> <!-- Default suite -->
</testng-results>
