<?xml version="1.0" encoding="UTF-8"?>
<!-- Generated by org.testng.reporters.JUnitXMLReporter -->
<testsuite hostname="EBORODINA" name="Default test" tests="4" failures="0" timestamp="24 Aug 2015 08:39:09 GMT" time="36.368" errors="0">
  <testcase name="testEmptyGroupCreation" time="6.639" classname="com.example.tests.GroupCreationTest1"/>
  <testcase name="testNonEmptyGroupCreation" time="2.834" classname="com.example.tests.GroupCreationTest1"/>
  <testcase name="testEmptyGroupCreation" time="0.95" classname="com.example.tests.GroupCreationTest2"/>
  <testcase name="testNonEmptyGroupCreation" time="1.013" classname="com.example.tests.GroupCreationTest2"/>
</testsuite> <!-- Default test -->
